#
# There is insufficient memory for the Java Runtime Environment to continue.
# Native memory allocation (malloc) failed to allocate 1220816 bytes for Chunk::new
# Possible reasons:
#   The system is out of physical RAM or swap space
#   In 32 bit mode, the process size limit was hit
# Possible solutions:
#   Reduce memory load on the system
#   Increase physical memory or swap space
#   Check if swap backing store is full
#   Use 64 bit Java on a 64 bit OS
#   Decrease Java heap size (-Xmx/-Xms)
#   Decrease number of Java threads
#   Decrease Java thread stack sizes (-Xss)
#   Set larger code cache with -XX:ReservedCodeCacheSize=
# This output file may be truncated or incomplete.
#
#  Out of Memory Error (allocation.cpp:390), pid=63288, tid=0x000000000000f870
#
# JRE version: Java(TM) SE Runtime Environment (8.0_181-b13) (build 1.8.0_181-b13)
# Java VM: Java HotSpot(TM) 64-Bit Server VM (25.181-b13 mixed mode windows-amd64 compressed oops)
# Failed to write core dump. Minidumps are not enabled by default on client versions of Windows
#

---------------  T H R E A D  ---------------

Current thread (0x000000001e8fa800):  JavaThread "C2 CompilerThread0" daemon [_thread_in_native, id=63600, stack(0x000000001f0b0000,0x000000001f1b0000)]

Stack: [0x000000001f0b0000,0x000000001f1b0000]
[error occurred during error reporting (printing stack bounds), id 0xc0000005]

Native frames: (J=compiled Java code, j=interpreted, Vv=VM code, C=native code)


Current CompileTask:
C2:  14709 3886       4       org.springframework.core.annotation.TypeMappedAnnotations::get (52 bytes)


---------------  P R O C E S S  ---------------

Java Threads: ( => current thread )
  0x00000000240cd800 JavaThread "spring.cloud.inetutils" daemon [_thread_in_native, id=27220, stack(0x0000000022ea0000,0x0000000022fa0000)]
  0x000000001e9cf800 JavaThread "Service Thread" daemon [_thread_blocked, id=63872, stack(0x000000001f4b0000,0x000000001f5b0000)]
  0x000000001e92a800 JavaThread "C1 CompilerThread3" daemon [_thread_in_native_trans, id=63616, stack(0x000000001f3b0000,0x000000001f4b0000)]
  0x000000001e91e000 JavaThread "C2 CompilerThread2" daemon [_thread_in_native, id=62364, stack(0x000000001f2b0000,0x000000001f3b0000)]
  0x000000001e917000 JavaThread "C2 CompilerThread1" daemon [_thread_in_native, id=60852, stack(0x000000001f1b0000,0x000000001f2b0000)]
=>0x000000001e8fa800 JavaThread "C2 CompilerThread0" daemon [_thread_in_native, id=63600, stack(0x000000001f0b0000,0x000000001f1b0000)]
  0x000000001e8fa000 JavaThread "Monitor Ctrl-Break" daemon [_thread_in_native, id=60308, stack(0x000000001efb0000,0x000000001f0b0000)]
  0x000000001e8e0000 JavaThread "Attach Listener" daemon [_thread_blocked, id=59804, stack(0x000000001eeb0000,0x000000001efb0000)]
  0x000000001e8df000 JavaThread "Signal Dispatcher" daemon [_thread_blocked, id=53380, stack(0x000000001edb0000,0x000000001eeb0000)]
  0x000000001e870800 JavaThread "Finalizer" daemon [_thread_blocked, id=59468, stack(0x000000001ec50000,0x000000001ed50000)]
  0x000000001c95d000 JavaThread "Reference Handler" daemon [_thread_blocked, id=63444, stack(0x000000001e750000,0x000000001e850000)]
  0x000000000109e800 JavaThread "main" [_thread_in_vm, id=58248, stack(0x0000000002ba0000,0x0000000002ca0000)]

Other Threads:
  0x000000001c959000 VMThread [stack: 0x000000001e650000,0x000000001e750000] [id=52720]
  0x000000001e9f3000 WatcherThread [stack: 0x000000001f5d0000,0x000000001f6d0000] [id=61056]

VM state:not at safepoint (normal execution)

VM Mutex/Monitor currently owned by a thread: None

Heap:
 PSYoungGen      total 225792K, used 94206K [0x000000076b100000, 0x0000000779a00000, 0x00000007c0000000)
  eden space 214016K, 39% used [0x000000076b100000,0x0000000770444330,0x0000000778200000)
  from space 11776K, 75% used [0x0000000778e80000,0x000000077973b580,0x0000000779a00000)
  to   space 12288K, 0% used [0x0000000778200000,0x0000000778200000,0x0000000778e00000)
 ParOldGen       total 150528K, used 16130K [0x00000006c1200000, 0x00000006ca500000, 0x000000076b100000)
  object space 150528K, 10% used [0x00000006c1200000,0x00000006c21c0ad8,0x00000006ca500000)
 Metaspace       used 40802K, capacity 42406K, committed 42752K, reserved 1085440K
  class space    used 5462K, capacity 5765K, committed 5888K, reserved 1048576K

Card table byte_map: [0x0000000012260000,0x0000000012a60000] byte_map_base: 0x000000000ec57000

Marking Bits: (ParMarkBitMap*) 0x000000006fb52d00
 Begin Bits: [0x00000000137b0000, 0x0000000017768000)
 End Bits:   [0x0000000017768000, 0x000000001b720000)

Polling page: 0x0000000000a90000

CodeCache: size=245760Kb used=14329Kb max_used=14329Kb free=231430Kb
 bounds [0x0000000002ea0000, 0x0000000003cb0000, 0x0000000011ea0000]
 total_blobs=4140 nmethods=3714 adapters=338
 compilation: enabled

Compilation events (10 events):
Event: 14.679 Thread 0x000000001e92a800 3986       3       org.springframework.cglib.core.ReflectUtils$6::<init> (20 bytes)
Event: 14.680 Thread 0x000000001e92a800 nmethod 3986 0x0000000003c9ed10 code [0x0000000003c9ee80, 0x0000000003c9f0d0]
Event: 14.692 Thread 0x000000001e92a800 3987       3       java.util.LinkedList::linkFirst (59 bytes)
Event: 14.692 Thread 0x000000001e92a800 nmethod 3987 0x0000000003c9f1d0 code [0x0000000003c9f340, 0x0000000003c9f690]
Event: 14.695 Thread 0x000000001e92a800 3988       3       org.springframework.boot.context.properties.bind.Binder$Context::getSources (20 bytes)
Event: 14.695 Thread 0x000000001e92a800 nmethod 3988 0x0000000003c9f7d0 code [0x0000000003c9f920, 0x0000000003c9faf0]
Event: 14.699 Thread 0x000000001e92a800 3990   !   3       org.springframework.beans.factory.support.AbstractAutowireCapableBeanFactory::getSingletonFactoryBeanForTypeCheck (254 bytes)
Event: 14.700 Thread 0x000000001e92a800 nmethod 3990 0x0000000003c9fb90 code [0x0000000003c9ff00, 0x0000000003ca2308]
Event: 14.700 Thread 0x000000001e92a800 3991       3       java.util.LinkedHashSet::<init> (9 bytes)
Event: 14.701 Thread 0x000000001e92a800 nmethod 3991 0x0000000003ca3610 code [0x0000000003ca37c0, 0x0000000003ca3bc8]

GC Heap History (10 events):
Event: 9.224 GC heap before
{Heap before GC invocations=8 (full 1):
 PSYoungGen      total 109568K, used 109239K [0x000000076b100000, 0x0000000773e00000, 0x00000007c0000000)
  eden space 105472K, 100% used [0x000000076b100000,0x0000000771800000,0x0000000771800000)
  from space 4096K, 91% used [0x0000000773a00000,0x0000000773dadd68,0x0000000773e00000)
  to   space 9728K, 0% used [0x0000000772b00000,0x0000000772b00000,0x0000000773480000)
 ParOldGen       total 95232K, used 6779K [0x00000006c1200000, 0x00000006c6f00000, 0x000000076b100000)
  object space 95232K, 7% used [0x00000006c1200000,0x00000006c189ed38,0x00000006c6f00000)
 Metaspace       used 27578K, capacity 28572K, committed 28928K, reserved 1075200K
  class space    used 3532K, capacity 3760K, committed 3840K, reserved 1048576K
Event: 9.231 GC heap after
Heap after GC invocations=8 (full 1):
 PSYoungGen      total 134656K, used 6908K [0x000000076b100000, 0x0000000776480000, 0x00000007c0000000)
  eden space 124928K, 0% used [0x000000076b100000,0x000000076b100000,0x0000000772b00000)
  from space 9728K, 71% used [0x0000000772b00000,0x00000007731bf090,0x0000000773480000)
  to   space 9728K, 0% used [0x0000000775b00000,0x0000000775b00000,0x0000000776480000)
 ParOldGen       total 95232K, used 6787K [0x00000006c1200000, 0x00000006c6f00000, 0x000000076b100000)
  object space 95232K, 7% used [0x00000006c1200000,0x00000006c18a0d38,0x00000006c6f00000)
 Metaspace       used 27578K, capacity 28572K, committed 28928K, reserved 1075200K
  class space    used 3532K, capacity 3760K, committed 3840K, reserved 1048576K
}
Event: 10.082 GC heap before
{Heap before GC invocations=9 (full 1):
 PSYoungGen      total 134656K, used 131836K [0x000000076b100000, 0x0000000776480000, 0x00000007c0000000)
  eden space 124928K, 100% used [0x000000076b100000,0x0000000772b00000,0x0000000772b00000)
  from space 9728K, 71% used [0x0000000772b00000,0x00000007731bf090,0x0000000773480000)
  to   space 9728K, 0% used [0x0000000775b00000,0x0000000775b00000,0x0000000776480000)
 ParOldGen       total 95232K, used 6787K [0x00000006c1200000, 0x00000006c6f00000, 0x000000076b100000)
  object space 95232K, 7% used [0x00000006c1200000,0x00000006c18a0d38,0x00000006c6f00000)
 Metaspace       used 29738K, capacity 30938K, committed 31232K, reserved 1077248K
  class space    used 3799K, capacity 4053K, committed 4096K, reserved 1048576K
Event: 10.089 GC heap after
Heap after GC invocations=9 (full 1):
 PSYoungGen      total 173568K, used 8987K [0x000000076b100000, 0x0000000778180000, 0x00000007c0000000)
  eden space 163840K, 0% used [0x000000076b100000,0x000000076b100000,0x0000000775100000)
  from space 9728K, 92% used [0x0000000775b00000,0x00000007763c6f10,0x0000000776480000)
  to   space 10240K, 0% used [0x0000000775100000,0x0000000775100000,0x0000000775b00000)
 ParOldGen       total 95232K, used 6795K [0x00000006c1200000, 0x00000006c6f00000, 0x000000076b100000)
  object space 95232K, 7% used [0x00000006c1200000,0x00000006c18a2d38,0x00000006c6f00000)
 Metaspace       used 29738K, capacity 30938K, committed 31232K, reserved 1077248K
  class space    used 3799K, capacity 4053K, committed 4096K, reserved 1048576K
}
Event: 11.533 GC heap before
{Heap before GC invocations=10 (full 1):
 PSYoungGen      total 173568K, used 115730K [0x000000076b100000, 0x0000000778180000, 0x00000007c0000000)
  eden space 163840K, 65% used [0x000000076b100000,0x000000077193d8f0,0x0000000775100000)
  from space 9728K, 92% used [0x0000000775b00000,0x00000007763c6f10,0x0000000776480000)
  to   space 10240K, 0% used [0x0000000775100000,0x0000000775100000,0x0000000775b00000)
 ParOldGen       total 95232K, used 6795K [0x00000006c1200000, 0x00000006c6f00000, 0x000000076b100000)
  object space 95232K, 7% used [0x00000006c1200000,0x00000006c18a2d38,0x00000006c6f00000)
 Metaspace       used 33834K, capacity 35268K, committed 35416K, reserved 1079296K
  class space    used 4477K, capacity 4754K, committed 4864K, reserved 1048576K
Event: 11.541 GC heap after
Heap after GC invocations=10 (full 1):
 PSYoungGen      total 174080K, used 10213K [0x000000076b100000, 0x0000000779a00000, 0x00000007c0000000)
  eden space 163840K, 0% used [0x000000076b100000,0x000000076b100000,0x0000000775100000)
  from space 10240K, 99% used [0x0000000775100000,0x0000000775af96a0,0x0000000775b00000)
  to   space 11776K, 0% used [0x0000000778e80000,0x0000000778e80000,0x0000000779a00000)
 ParOldGen       total 95232K, used 8230K [0x00000006c1200000, 0x00000006c6f00000, 0x000000076b100000)
  object space 95232K, 8% used [0x00000006c1200000,0x00000006c1a099b8,0x00000006c6f00000)
 Metaspace       used 33834K, capacity 35268K, committed 35416K, reserved 1079296K
  class space    used 4477K, capacity 4754K, committed 4864K, reserved 1048576K
}
Event: 11.541 GC heap before
{Heap before GC invocations=11 (full 2):
 PSYoungGen      total 174080K, used 10213K [0x000000076b100000, 0x0000000779a00000, 0x00000007c0000000)
  eden space 163840K, 0% used [0x000000076b100000,0x000000076b100000,0x0000000775100000)
  from space 10240K, 99% used [0x0000000775100000,0x0000000775af96a0,0x0000000775b00000)
  to   space 11776K, 0% used [0x0000000778e80000,0x0000000778e80000,0x0000000779a00000)
 ParOldGen       total 95232K, used 8230K [0x00000006c1200000, 0x00000006c6f00000, 0x000000076b100000)
  object space 95232K, 8% used [0x00000006c1200000,0x00000006c1a099b8,0x00000006c6f00000)
 Metaspace       used 33834K, capacity 35268K, committed 35416K, reserved 1079296K
  class space    used 4477K, capacity 4754K, committed 4864K, reserved 1048576K
Event: 11.610 GC heap after
Heap after GC invocations=11 (full 2):
 PSYoungGen      total 174080K, used 0K [0x000000076b100000, 0x0000000779a00000, 0x00000007c0000000)
  eden space 163840K, 0% used [0x000000076b100000,0x000000076b100000,0x0000000775100000)
  from space 10240K, 0% used [0x0000000775100000,0x0000000775100000,0x0000000775b00000)
  to   space 11776K, 0% used [0x0000000778e80000,0x0000000778e80000,0x0000000779a00000)
 ParOldGen       total 150528K, used 16122K [0x00000006c1200000, 0x00000006ca500000, 0x000000076b100000)
  object space 150528K, 10% used [0x00000006c1200000,0x00000006c21bead8,0x00000006ca500000)
 Metaspace       used 33834K, capacity 35268K, committed 35416K, reserved 1079296K
  class space    used 4477K, capacity 4754K, committed 4864K, reserved 1048576K
}
Event: 13.496 GC heap before
{Heap before GC invocations=12 (full 2):
 PSYoungGen      total 174080K, used 163840K [0x000000076b100000, 0x0000000779a00000, 0x00000007c0000000)
  eden space 163840K, 100% used [0x000000076b100000,0x0000000775100000,0x0000000775100000)
  from space 10240K, 0% used [0x0000000775100000,0x0000000775100000,0x0000000775b00000)
  to   space 11776K, 0% used [0x0000000778e80000,0x0000000778e80000,0x0000000779a00000)
 ParOldGen       total 150528K, used 16122K [0x00000006c1200000, 0x00000006ca500000, 0x000000076b100000)
  object space 150528K, 10% used [0x00000006c1200000,0x00000006c21bead8,0x00000006ca500000)
 Metaspace       used 39859K, capacity 41418K, committed 41472K, reserved 1085440K
  class space    used 5298K, capacity 5619K, committed 5632K, reserved 1048576K
Event: 13.518 GC heap after
Heap after GC invocations=12 (full 2):
 PSYoungGen      total 225792K, used 8941K [0x000000076b100000, 0x0000000779a00000, 0x00000007c0000000)
  eden space 214016K, 0% used [0x000000076b100000,0x000000076b100000,0x0000000778200000)
  from space 11776K, 75% used [0x0000000778e80000,0x000000077973b580,0x0000000779a00000)
  to   space 12288K, 0% used [0x0000000778200000,0x0000000778200000,0x0000000778e00000)
 ParOldGen       total 150528K, used 16130K [0x00000006c1200000, 0x00000006ca500000, 0x000000076b100000)
  object space 150528K, 10% used [0x00000006c1200000,0x00000006c21c0ad8,0x00000006ca500000)
 Metaspace       used 39859K, capacity 41418K, committed 41472K, reserved 1085440K
  class space    used 5298K, capacity 5619K, committed 5632K, reserved 1048576K
}

Deoptimization events (10 events):
Event: 13.036 Thread 0x000000000109e800 Uncommon trap: reason=class_check action=maybe_recompile pc=0x000000000399f6d4 method=org.springframework.core.ResolvableType.resolveType()Lorg/springframework/core/ResolvableType; @ 101
Event: 13.108 Thread 0x000000000109e800 Uncommon trap: reason=bimorphic action=maybe_recompile pc=0x00000000037e282c method=org.springframework.beans.factory.support.AbstractAutowireCapableBeanFactory.predictBeanType(Ljava/lang/String;Lorg/springframework/beans/factory/support/RootBeanDefinitio
Event: 13.109 Thread 0x000000000109e800 Uncommon trap: reason=unstable_if action=reinterpret pc=0x0000000003af6f4c method=org.springframework.beans.factory.support.AbstractAutowireCapableBeanFactory.predictBeanType(Ljava/lang/String;Lorg/springframework/beans/factory/support/RootBeanDefinition;
Event: 13.172 Thread 0x000000000109e800 Uncommon trap: reason=unstable_if action=reinterpret pc=0x00000000036b3b60 method=java.lang.Class.searchMethods([Ljava/lang/reflect/Method;Ljava/lang/String;[Ljava/lang/Class;)Ljava/lang/reflect/Method; @ 47
Event: 13.670 Thread 0x000000000109e800 Uncommon trap: reason=class_check action=maybe_recompile pc=0x0000000003912c18 method=java.lang.reflect.Method.equals(Ljava/lang/Object;)Z @ 5
Event: 13.700 Thread 0x000000000109e800 Uncommon trap: reason=unstable_if action=reinterpret pc=0x0000000003912c2c method=java.lang.reflect.Method.equals(Ljava/lang/Object;)Z @ 1
Event: 13.797 Thread 0x000000000109e800 Uncommon trap: reason=class_check action=maybe_recompile pc=0x000000000399f6d4 method=org.springframework.core.ResolvableType.resolveType()Lorg/springframework/core/ResolvableType; @ 101
Event: 14.313 Thread 0x000000000109e800 Uncommon trap: reason=class_check action=maybe_recompile pc=0x000000000399f6d4 method=org.springframework.core.ResolvableType.resolveType()Lorg/springframework/core/ResolvableType; @ 101
Event: 14.659 Thread 0x000000000109e800 Uncommon trap: reason=unstable_if action=reinterpret pc=0x0000000003a5bccc method=java.util.stream.AbstractPipeline.<init>(Ljava/util/stream/AbstractPipeline;I)V @ 69
Event: 14.660 Thread 0x000000000109e800 Uncommon trap: reason=null_check action=make_not_entrant pc=0x00000000037d8b60 method=org.springframework.beans.factory.support.DefaultListableBeanFactory.getBeanDefinition(Ljava/lang/String;)Lorg/springframework/beans/factory/config/BeanDefinition; @ 10

Classes redefined (0 events):
No events

Internal exceptions (10 events):
Event: 14.660 Thread 0x000000000109e800 Implicit null exception at 0x00000000037d89ef to 0x00000000037d8b55
Event: 14.666 Thread 0x000000000109e800 Exception <a 'java/lang/ClassNotFoundException': java/lang/ObjectCustomizer> (0x000000076ff01ca0) thrown at [C:\re\workspace\8-2-build-windows-amd64-cygwin\jdk8u181\11358\hotspot\src\share\vm\classfile\systemDictionary.cpp, line 210]
Event: 14.668 Thread 0x000000000109e800 Exception <a 'java/lang/ClassNotFoundException': org/springframework/cloud/stream/config/SpelExpressionConverterConfigurationCustomizer> (0x000000076ff69920) thrown at [C:\re\workspace\8-2-build-windows-amd64-cygwin\jdk8u181\11358\hotspot\src\share\vm\cla
Event: 14.670 Thread 0x000000000109e800 Exception <a 'java/lang/ClassNotFoundException': org/springframework/cloud/stream/config/SpelExpressionConverterConfiguration$$EnhancerBySpringCGLIB$$4b96fc14Customizer> (0x000000076ffef878) thrown at [C:\re\workspace\8-2-build-windows-amd64-cygwin\jdk8u1
Event: 14.672 Thread 0x000000000109e800 Exception <a 'java/lang/ClassNotFoundException': org/springframework/context/annotation/ConfigurationClassEnhancer$EnhancedConfigurationCustomizer> (0x00000007700646c8) thrown at [C:\re\workspace\8-2-build-windows-amd64-cygwin\jdk8u181\11358\hotspot\src\s
Event: 14.673 Thread 0x000000000109e800 Exception <a 'java/lang/ClassNotFoundException': org/springframework/beans/factory/BeanFactoryAwareCustomizer> (0x00000007700b1e10) thrown at [C:\re\workspace\8-2-build-windows-amd64-cygwin\jdk8u181\11358\hotspot\src\share\vm\classfile\systemDictionary.cp
Event: 14.675 Thread 0x000000000109e800 Exception <a 'java/lang/ClassNotFoundException': org/springframework/beans/factory/AwareCustomizer> (0x00000007700f5eb0) thrown at [C:\re\workspace\8-2-build-windows-amd64-cygwin\jdk8u181\11358\hotspot\src\share\vm\classfile\systemDictionary.cpp, line 210
Event: 14.682 Thread 0x000000000109e800 Exception <a 'java/lang/ClassNotFoundException': java/lang/ObjectCustomizer> (0x000000077017bf08) thrown at [C:\re\workspace\8-2-build-windows-amd64-cygwin\jdk8u181\11358\hotspot\src\share\vm\classfile\systemDictionary.cpp, line 210]
Event: 14.684 Thread 0x000000000109e800 Exception <a 'java/lang/ClassNotFoundException': org/springframework/cloud/stream/config/SpelExpressionConverterConfiguration$SpelConverterCustomizer> (0x00000007701f0ef0) thrown at [C:\re\workspace\8-2-build-windows-amd64-cygwin\jdk8u181\11358\hotspot\sr
Event: 14.685 Thread 0x000000000109e800 Exception <a 'java/lang/ClassNotFoundException': org/springframework/core/convert/converter/ConverterCustomizer> (0x0000000770244028) thrown at [C:\re\workspace\8-2-build-windows-amd64-cygwin\jdk8u181\11358\hotspot\src\share\vm\classfile\systemDictionary.

Events (10 events):
Event: 14.699 loading class com/rometools/rome/feed/WireFeed
Event: 14.699 loading class com/rometools/rome/feed/WireFeed done
Event: 14.700 loading class com/rometools/rome/feed$WireFeed
Event: 14.700 loading class com/rometools/rome/feed$WireFeed done
Event: 14.700 loading class com/fasterxml/jackson/dataformat/cbor/CBORFactory
Event: 14.700 loading class com/fasterxml/jackson/dataformat/cbor/CBORFactory done
Event: 14.705 loading class javax/json/bind/Jsonb
Event: 14.705 loading class javax/json/bind/Jsonb done
Event: 14.706 loading class javax/json/bind$Jsonb
Event: 14.706 loading class javax/json/bind$Jsonb done


Dynamic libraries:
0x00007ff69aba0000 - 0x00007ff69abd7000 	C:\Program Files\Java\jdk1.8.0_181\bin\java.exe
0x00007ffc7b0c0000 - 0x00007ffc7b2b0000 	C:\WINDOWS\SYSTEM32\ntdll.dll
0x00007ffc79e60000 - 0x00007ffc79f12000 	C:\WINDOWS\System32\KERNEL32.DLL
0x00007ffc78cc0000 - 0x00007ffc78f63000 	C:\WINDOWS\System32\KERNELBASE.dll
0x00007ffc794f0000 - 0x00007ffc79593000 	C:\WINDOWS\System32\ADVAPI32.dll
0x00007ffc792d0000 - 0x00007ffc7936e000 	C:\WINDOWS\System32\msvcrt.dll
0x00007ffc7a020000 - 0x00007ffc7a0b7000 	C:\WINDOWS\System32\sechost.dll
0x00007ffc79d40000 - 0x00007ffc79e60000 	C:\WINDOWS\System32\RPCRT4.dll
0x00007ffc79af0000 - 0x00007ffc79c84000 	C:\WINDOWS\System32\USER32.dll
0x00007ffc78ac0000 - 0x00007ffc78ae1000 	C:\WINDOWS\System32\win32u.dll
0x00007ffc794c0000 - 0x00007ffc794e6000 	C:\WINDOWS\System32\GDI32.dll
0x00007ffc78b20000 - 0x00007ffc78cb4000 	C:\WINDOWS\System32\gdi32full.dll
0x00007ffc79020000 - 0x00007ffc790be000 	C:\WINDOWS\System32\msvcp_win.dll
0x00007ffc78850000 - 0x00007ffc7894a000 	C:\WINDOWS\System32\ucrtbase.dll
0x00007ffc6aff0000 - 0x00007ffc6b275000 	C:\WINDOWS\WinSxS\amd64_microsoft.windows.common-controls_6595b64144ccf1df_6.0.18362.535_none_e6c3b34713100821\COMCTL32.dll
0x00007ffc7a4e0000 - 0x00007ffc7a816000 	C:\WINDOWS\System32\combase.dll
0x00007ffc787d0000 - 0x00007ffc78850000 	C:\WINDOWS\System32\bcryptPrimitives.dll
0x00007ffc7afe0000 - 0x00007ffc7b00e000 	C:\WINDOWS\System32\IMM32.DLL
0x0000000070300000 - 0x00000000703d2000 	C:\Program Files\Java\jdk1.8.0_181\jre\bin\msvcr100.dll
0x000000006f330000 - 0x000000006fbd2000 	C:\Program Files\Java\jdk1.8.0_181\jre\bin\server\jvm.dll
0x00007ffc791d0000 - 0x00007ffc791d8000 	C:\WINDOWS\System32\PSAPI.DLL
0x00007ffc72990000 - 0x00007ffc7299a000 	C:\WINDOWS\SYSTEM32\VERSION.dll
0x00007ffc64650000 - 0x00007ffc64659000 	C:\WINDOWS\SYSTEM32\WSOCK32.dll
0x00007ffc74370000 - 0x00007ffc74394000 	C:\WINDOWS\SYSTEM32\WINMM.dll
0x00007ffc7b010000 - 0x00007ffc7b07f000 	C:\WINDOWS\System32\WS2_32.dll
0x00007ffc74340000 - 0x00007ffc7436d000 	C:\WINDOWS\SYSTEM32\winmmbase.dll
0x00007ffc79120000 - 0x00007ffc7916a000 	C:\WINDOWS\System32\cfgmgr32.dll
0x00000000702f0000 - 0x00000000702ff000 	C:\Program Files\Java\jdk1.8.0_181\jre\bin\verify.dll
0x00000000702c0000 - 0x00000000702e9000 	C:\Program Files\Java\jdk1.8.0_181\jre\bin\java.dll
0x0000000070270000 - 0x0000000070293000 	C:\Program Files\Java\jdk1.8.0_181\jre\bin\instrument.dll
0x00000000702a0000 - 0x00000000702b6000 	C:\Program Files\Java\jdk1.8.0_181\jre\bin\zip.dll
0x00007ffc7a8f0000 - 0x00007ffc7afd5000 	C:\WINDOWS\System32\SHELL32.dll
0x00007ffc79c90000 - 0x00007ffc79d39000 	C:\WINDOWS\System32\shcore.dll
0x00007ffc78050000 - 0x00007ffc787cf000 	C:\WINDOWS\System32\windows.storage.dll
0x00007ffc77fc0000 - 0x00007ffc77fdf000 	C:\WINDOWS\System32\profapi.dll
0x00007ffc78000000 - 0x00007ffc7804a000 	C:\WINDOWS\System32\powrprof.dll
0x00007ffc77f90000 - 0x00007ffc77fa0000 	C:\WINDOWS\System32\UMPDC.dll
0x00007ffc79a90000 - 0x00007ffc79ae2000 	C:\WINDOWS\System32\shlwapi.dll
0x00007ffc77fe0000 - 0x00007ffc77ff1000 	C:\WINDOWS\System32\kernel.appcore.dll
0x00007ffc78950000 - 0x00007ffc78967000 	C:\WINDOWS\System32\cryptsp.dll
0x00007ffc64a30000 - 0x00007ffc64a4a000 	C:\Users\81088\AppData\Local\JetBrains\Toolbox\apps\IDEA-U\ch-0\193.5662.53\bin\breakgen64.dll
0x0000000070250000 - 0x000000007026a000 	C:\Program Files\Java\jdk1.8.0_181\jre\bin\net.dll
0x00007ffc45080000 - 0x00007ffc450aa000 	D:\Program Files (x86)\Tencent\QMProxyAccelerator\3.0.5583.134\QMProxyAccLsp64.dll
0x00007ffc78970000 - 0x00007ffc78ab9000 	C:\WINDOWS\System32\CRYPT32.dll
0x00007ffc77fa0000 - 0x00007ffc77fb2000 	C:\WINDOWS\System32\MSASN1.dll
0x00007ffc777b0000 - 0x00007ffc77817000 	C:\WINDOWS\system32\mswsock.dll
0x00007ffc70c20000 - 0x00007ffc70c2a000 	C:\WINDOWS\system32\wshqos.dll
0x00007ffc70c10000 - 0x00007ffc70c18000 	C:\WINDOWS\SYSTEM32\wshtcpip.DLL
0x00007ffc70be0000 - 0x00007ffc70be8000 	C:\WINDOWS\SYSTEM32\wship6.dll
0x0000000070230000 - 0x0000000070241000 	C:\Program Files\Java\jdk1.8.0_181\jre\bin\nio.dll
0x00007ffc774d0000 - 0x00007ffc7750a000 	C:\WINDOWS\SYSTEM32\IPHLPAPI.DLL
0x00007ffc794b0000 - 0x00007ffc794b8000 	C:\WINDOWS\System32\NSI.dll
0x00007ffc72140000 - 0x00007ffc72156000 	C:\WINDOWS\SYSTEM32\dhcpcsvc6.DLL
0x00007ffc72120000 - 0x00007ffc7213c000 	C:\WINDOWS\SYSTEM32\dhcpcsvc.DLL
0x00007ffc77510000 - 0x00007ffc775da000 	C:\WINDOWS\SYSTEM32\DNSAPI.dll
0x0000000071660000 - 0x0000000071686000 	C:\Program Files\Bonjour\mdnsNSP.dll
0x0000000070220000 - 0x000000007022d000 	C:\Program Files\Java\jdk1.8.0_181\jre\bin\management.dll
0x00007ffc474d0000 - 0x00007ffc474e6000 	C:\WINDOWS\system32\napinsp.dll
0x00007ffc44cb0000 - 0x00007ffc44cca000 	C:\WINDOWS\system32\pnrpnsp.dll
0x00007ffc54090000 - 0x00007ffc5409e000 	C:\WINDOWS\System32\winrnr.dll
0x00007ffc749a0000 - 0x00007ffc749bc000 	C:\WINDOWS\system32\NLAapi.dll
0x00007ffc497d0000 - 0x00007ffc497e5000 	C:\WINDOWS\system32\wshbth.dll
0x00007ffc6bf90000 - 0x00007ffc6bf9a000 	C:\Windows\System32\rasadhlp.dll
0x00007ffc71a20000 - 0x00007ffc71a97000 	C:\WINDOWS\System32\fwpuclnt.dll
0x00007ffc78af0000 - 0x00007ffc78b16000 	C:\WINDOWS\System32\bcrypt.dll

VM Arguments:
jvm_args: -ea -Didea.test.cyclic.buffer.size=1048576 -javaagent:C:\Users\81088\AppData\Local\JetBrains\Toolbox\apps\IDEA-U\ch-0\193.5662.53\lib\idea_rt.jar=51503:C:\Users\81088\AppData\Local\JetBrains\Toolbox\apps\IDEA-U\ch-0\193.5662.53\bin -Dfile.encoding=UTF-8 
java_command: com.intellij.rt.junit.JUnitStarter -ideVersion5 -junit4 com.moxi.blog.elasticsearch.reposlitory.BlogRepositoryTest,loadData
java_class_path (initial): C:\Users\81088\AppData\Local\Temp\classpath1381973325.jar;C:\Users\81088\AppData\Local\JetBrains\Toolbox\apps\IDEA-U\ch-0\193.5662.53\lib\idea_rt.jar
Launcher Type: SUN_STANDARD

Environment Variables:
JAVA_HOME=C:\Program Files\Java\jdk1.8.0_181
PATH=C:\ProgramData\DockerDesktop\version-bin;C:\Program Files\Docker\Docker\Resources\bin;D:\Xftp6\;D:\Xshell6\;C:\Program Files\NVIDIA GPU Computing Toolkit\CUDA\v10.0\bin;C:\Program Files\NVIDIA GPU Computing Toolkit\CUDA\v10.0\libnvvp;C:\Program Files (x86)\Common Files\Oracle\Java\javapath;C:\WINDOWS\system32;C:\WINDOWS;C:\WINDOWS\System32\Wbem;C:\WINDOWS\System32\WindowsPowerShell\v1.0\;C:\Program Files (x86)\NVIDIA Corporation\PhysX\Common;C:\Program Files\dotnet\;C:\WINDOWS\System32\OpenSSH\;D:\Microsoft VS Code\bin;C:\Program Files\Java\jdk1.8.0_181\bin\;D:\java-photon\apache-maven-3.5.4-bin\apache-maven-3.5.4\\bin\;D:\Git\cmd;C:\Program Files\NVIDIA Corporation\NVIDIA NvDLISR;D:\Anaconda3\Lib;D:\nodes\;C:\WINDOWS\system32;C:\WINDOWS;C:\WINDOWS\System32\Wbem;C:\WINDOWS\System32\WindowsPowerShell\v1.0\;C:\WINDOWS\System32\OpenSSH\;D:\java-photon\mogu\RabbitMQ\erl9.3\bin;D:\Go\bin;C:\Users\81088\AppData\Local\Microsoft\WindowsApps;D:\Microsoft VS Code\bin;D:\xampp\php;C:\Users\81088\AppData\Local\GitHubDesktop\bin;C:\Users\81088\AppData\Roaming\npm;C:\Users\81088\AppData\Local\Microsoft\WindowsApps;D:\Anaconda3\Scripts;D:\Anaconda3;D:\Anaconda3\Library\bin;C:\Users\81088\go\bin;C:\Program Files\Bandizip\
USERNAME=81088
OS=Windows_NT
PROCESSOR_IDENTIFIER=Intel64 Family 6 Model 60 Stepping 3, GenuineIntel



---------------  S Y S T E M  ---------------

OS: Windows 10.0 , 64 bit Build 18362 (10.0.18362.329)

CPU:total 8 (initial active 8) (4 cores per cpu, 2 threads per core) family 6 model 60 stepping 3, cmov, cx8, fxsr, mmx, sse, sse2, sse3, ssse3, sse4.1, sse4.2, popcnt, avx, avx2, aes, clmul, erms, lzcnt, ht, tsc, tscinvbit, bmi1, bmi2

Memory: 4k page, physical 16695352k(384068k free), swap 32112988k(5972k free)

vm_info: Java HotSpot(TM) 64-Bit Server VM (25.181-b13) for windows-amd64 JRE (1.8.0_181-b13), built on Jul  7 2018 04:01:33 by "java_re" with MS VC++ 10.0 (VS2010)

time: Thu Jan 09 17:03:53 2020
elapsed time: 14 seconds (0d 0h 0m 14s)

